Wed Jun 26 15:44:31 2024       
+---------------------------------------------------------------------------------------+
| NVIDIA-SMI 535.161.08             Driver Version: 535.161.08   CUDA Version: 12.2     |
|-----------------------------------------+----------------------+----------------------+
| GPU  Name                 Persistence-M | Bus-Id        Disp.A | Volatile Uncorr. ECC |
| Fan  Temp   Perf          Pwr:Usage/Cap |         Memory-Usage | GPU-Util  Compute M. |
|                                         |                      |               MIG M. |
|=========================================+======================+======================|
|   0  NVIDIA H100 PCIe               Off | 00000000:01:00.0 Off |                    0 |
| N/A   47C    P0              84W / 350W |   2188MiB / 81559MiB |      0%      Default |
|                                         |                      |             Disabled |
+-----------------------------------------+----------------------+----------------------+
|   1  NVIDIA H100 PCIe               Off | 00000000:21:00.0 Off |                    0 |
| N/A   38C    P0              50W / 350W |     13MiB / 81559MiB |      0%      Default |
|                                         |                      |             Disabled |
+-----------------------------------------+----------------------+----------------------+
|   2  NVIDIA H100 PCIe               Off | 00000000:41:00.0 Off |                    0 |
| N/A   35C    P0              47W / 350W |     13MiB / 81559MiB |      0%      Default |
|                                         |                      |             Disabled |
+-----------------------------------------+----------------------+----------------------+
|   3  NVIDIA H100 PCIe               Off | 00000000:61:00.0 Off |                    0 |
| N/A   35C    P0              49W / 350W |     13MiB / 81559MiB |      0%      Default |
|                                         |                      |             Disabled |
+-----------------------------------------+----------------------+----------------------+
                                                                                         
+---------------------------------------------------------------------------------------+
| Processes:                                                                            |
|  GPU   GI   CI        PID   Type   Process name                            GPU Memory |
|        ID   ID                                                             Usage      |
|=======================================================================================|
|    0   N/A  N/A      2912      G   /usr/lib/xorg/Xorg                            4MiB |
|    0   N/A  N/A     47317      C   python                                     2166MiB |
|    1   N/A  N/A      2912      G   /usr/lib/xorg/Xorg                            4MiB |
|    2   N/A  N/A      2912      G   /usr/lib/xorg/Xorg                            4MiB |
|    3   N/A  N/A      2912      G   /usr/lib/xorg/Xorg                            4MiB |
+---------------------------------------------------------------------------------------+
python: can't open file 'imitate_episodes.py': [Errno 2] No such file or directory
